<?xml version="1.0" encoding="UTF-8"?>
<!-- Generated by org.testng.reporters.JUnitReportReporter -->
<testsuite skipped="0" hostname="KRISHNA" name="com.qa.crm.testcases.LoginPageTest" tests="1" failures="0" timestamp="25 May 2019 15:24:15 GMT" time="15.854" errors="0">
  <testcase name="loginPage" time="15.854" classname="com.qa.crm.testcases.LoginPageTest"/>
</testsuite> <!-- com.qa.crm.testcases.LoginPageTest -->
